  [1m[35m (0.6ms)[0m  [1m[34mSELECT sqlite_version(*)[0m
  [1m[35m (1.1ms)[0m  [1m[35mCREATE TABLE "schema_migrations" ("version" varchar NOT NULL PRIMARY KEY)[0m
  [1m[35m (1.2ms)[0m  [1m[35mCREATE TABLE "ar_internal_metadata" ("key" varchar NOT NULL PRIMARY KEY, "value" varchar, "created_at" datetime NOT NULL, "updated_at" datetime NOT NULL)[0m
  [1m[35m (0.2ms)[0m  [1m[34mSELECT "schema_migrations"."version" FROM "schema_migrations" ORDER BY "schema_migrations"."version" ASC[0m
Migrating to CreateIdeas (20180130053025)
  [1m[35m (0.1ms)[0m  [1m[36mbegin transaction[0m
  [1m[35m (0.4ms)[0m  [1m[35mCREATE TABLE "ideas" ("id" INTEGER PRIMARY KEY AUTOINCREMENT NOT NULL, "title" varchar, "body" varchar, "created_at" datetime NOT NULL, "updated_at" datetime NOT NULL)[0m
  [1m[35mSQL (0.2ms)[0m  [1m[32mINSERT INTO "schema_migrations" ("version") VALUES (?)[0m  [["version", "20180130053025"]]
  [1m[35m (1.2ms)[0m  [1m[36mcommit transaction[0m
  [1m[36mActiveRecord::InternalMetadata Load (0.2ms)[0m  [1m[34mSELECT  "ar_internal_metadata".* FROM "ar_internal_metadata" WHERE "ar_internal_metadata"."key" = ? LIMIT ?[0m  [["key", "environment"], ["LIMIT", 1]]
  [1m[35m (0.1ms)[0m  [1m[36mbegin transaction[0m
  [1m[35mSQL (0.3ms)[0m  [1m[32mINSERT INTO "ar_internal_metadata" ("key", "value", "created_at", "updated_at") VALUES (?, ?, ?, ?)[0m  [["key", "environment"], ["value", "development"], ["created_at", "2018-01-30 05:30:28.646396"], ["updated_at", "2018-01-30 05:30:28.646396"]]
  [1m[35m (0.7ms)[0m  [1m[36mcommit transaction[0m
  [1m[35m (0.1ms)[0m  [1m[34mSELECT "schema_migrations"."version" FROM "schema_migrations" ORDER BY "schema_migrations"."version" ASC[0m
  [1m[35m (0.1ms)[0m  [1m[34mSELECT "schema_migrations"."version" FROM "schema_migrations" ORDER BY "schema_migrations"."version" ASC[0m
  [1m[35m (0.0ms)[0m  [1m[36mbegin transaction[0m
  [1m[35mSQL (0.5ms)[0m  [1m[32mINSERT INTO "ideas" ("title", "body", "created_at", "updated_at") VALUES (?, ?, ?, ?)[0m  [["title", "A new cake recipe"], ["body", "Made of chocolate"], ["created_at", "2018-01-30 05:31:02.205688"], ["updated_at", "2018-01-30 05:31:02.205688"]]
  [1m[35m (2.0ms)[0m  [1m[36mcommit transaction[0m
  [1m[35m (0.1ms)[0m  [1m[36mbegin transaction[0m
  [1m[35mSQL (0.4ms)[0m  [1m[32mINSERT INTO "ideas" ("title", "body", "created_at", "updated_at") VALUES (?, ?, ?, ?)[0m  [["title", "A twitter client idea"], ["body", "Only for replying to mentions and DMs"], ["created_at", "2018-01-30 05:31:02.210450"], ["updated_at", "2018-01-30 05:31:02.210450"]]
  [1m[35m (0.7ms)[0m  [1m[36mcommit transaction[0m
  [1m[35m (0.1ms)[0m  [1m[36mbegin transaction[0m
  [1m[35mSQL (0.5ms)[0m  [1m[32mINSERT INTO "ideas" ("title", "body", "created_at", "updated_at") VALUES (?, ?, ?, ?)[0m  [["title", "A novel set in Italy"], ["body", "A mafia crime drama starring Berlusconi"], ["created_at", "2018-01-30 05:31:02.213071"], ["updated_at", "2018-01-30 05:31:02.213071"]]
  [1m[35m (1.4ms)[0m  [1m[36mcommit transaction[0m
  [1m[35m (0.0ms)[0m  [1m[36mbegin transaction[0m
  [1m[35mSQL (0.9ms)[0m  [1m[32mINSERT INTO "ideas" ("title", "body", "created_at", "updated_at") VALUES (?, ?, ?, ?)[0m  [["title", "Card game design"], ["body", "Like Uno but involves drinking"], ["created_at", "2018-01-30 05:31:02.216839"], ["updated_at", "2018-01-30 05:31:02.216839"]]
  [1m[35m (0.7ms)[0m  [1m[36mcommit transaction[0m
Started GET "/api/v1/ideas.json" for ::1 at 2018-01-30 14:46:14 +0900
  [1m[35m (0.1ms)[0m  [1m[34mSELECT "schema_migrations"."version" FROM "schema_migrations" ORDER BY "schema_migrations"."version" ASC[0m
Processing by Api::V1::IdeasController#index as JSON
  [1m[36mIdea Load (0.2ms)[0m  [1m[34mSELECT "ideas".* FROM "ideas"[0m
Completed 200 OK in 11ms (Views: 6.9ms | ActiveRecord: 0.7ms)


Started GET "/api/v1/ideas.json" for ::1 at 2018-01-30 14:46:16 +0900
Processing by Api::V1::IdeasController#index as JSON
  [1m[36mIdea Load (0.2ms)[0m  [1m[34mSELECT "ideas".* FROM "ideas"[0m
Completed 200 OK in 3ms (Views: 2.7ms | ActiveRecord: 0.5ms)


Started GET "/api/v1/ideas.json" for ::1 at 2018-01-30 14:46:17 +0900
Processing by Api::V1::IdeasController#index as JSON
  [1m[36mIdea Load (0.2ms)[0m  [1m[34mSELECT "ideas".* FROM "ideas"[0m
Completed 200 OK in 2ms (Views: 2.0ms | ActiveRecord: 0.2ms)


Started GET "/api/v1/ideas.json" for ::1 at 2018-01-30 14:46:18 +0900
Processing by Api::V1::IdeasController#index as JSON
  [1m[36mIdea Load (0.4ms)[0m  [1m[34mSELECT "ideas".* FROM "ideas"[0m
Completed 200 OK in 3ms (Views: 1.8ms | ActiveRecord: 0.4ms)


Started GET "/api/v1/ideas.json" for ::1 at 2018-01-30 14:46:18 +0900
Processing by Api::V1::IdeasController#index as JSON
  [1m[36mIdea Load (0.2ms)[0m  [1m[34mSELECT "ideas".* FROM "ideas"[0m
Completed 200 OK in 2ms (Views: 1.7ms | ActiveRecord: 0.2ms)


Started GET "/api/v1/ideas.json" for ::1 at 2018-01-30 14:52:35 +0900
Processing by Api::V1::IdeasController#index as JSON
  [1m[36mIdea Load (0.2ms)[0m  [1m[34mSELECT "ideas".* FROM "ideas"[0m
Completed 200 OK in 2ms (Views: 1.5ms | ActiveRecord: 0.2ms)


Started GET "/api/v1/ideas.json" for ::1 at 2018-01-30 15:01:53 +0900
Processing by Api::V1::IdeasController#index as JSON
  [1m[36mIdea Load (0.1ms)[0m  [1m[34mSELECT "ideas".* FROM "ideas"[0m
Completed 200 OK in 2ms (Views: 1.5ms | ActiveRecord: 0.1ms)


Started GET "/api/v1/ideas.json" for ::1 at 2018-01-30 15:02:27 +0900
Processing by Api::V1::IdeasController#index as JSON
  [1m[36mIdea Load (0.2ms)[0m  [1m[34mSELECT "ideas".* FROM "ideas"[0m
Completed 200 OK in 2ms (Views: 1.5ms | ActiveRecord: 0.2ms)


Started GET "/api/v1/ideas.json" for ::1 at 2018-01-30 15:02:59 +0900
Processing by Api::V1::IdeasController#index as JSON
  [1m[36mIdea Load (0.2ms)[0m  [1m[34mSELECT "ideas".* FROM "ideas"[0m
Completed 200 OK in 3ms (Views: 2.0ms | ActiveRecord: 0.2ms)


Started GET "/api/v1/ideas.json" for ::1 at 2018-01-30 15:03:07 +0900
Processing by Api::V1::IdeasController#index as JSON
  [1m[36mIdea Load (0.2ms)[0m  [1m[34mSELECT "ideas".* FROM "ideas"[0m
Completed 200 OK in 2ms (Views: 1.8ms | ActiveRecord: 0.2ms)


Started GET "/api/v1/ideas.json" for ::1 at 2018-01-30 15:05:43 +0900
Processing by Api::V1::IdeasController#index as JSON
  [1m[36mIdea Load (0.2ms)[0m  [1m[34mSELECT "ideas".* FROM "ideas"[0m
Completed 200 OK in 3ms (Views: 2.3ms | ActiveRecord: 0.2ms)


Started GET "/api/v1/ideas.json" for ::1 at 2018-01-30 15:05:46 +0900
Processing by Api::V1::IdeasController#index as JSON
  [1m[36mIdea Load (0.2ms)[0m  [1m[34mSELECT "ideas".* FROM "ideas"[0m
Completed 200 OK in 2ms (Views: 1.9ms | ActiveRecord: 0.2ms)


Started GET "/api/v1/ideas.json" for ::1 at 2018-01-30 15:06:07 +0900
Processing by Api::V1::IdeasController#index as JSON
  [1m[36mIdea Load (0.2ms)[0m  [1m[34mSELECT "ideas".* FROM "ideas"[0m
Completed 200 OK in 2ms (Views: 1.8ms | ActiveRecord: 0.2ms)


Started GET "/api/v1/ideas.json" for ::1 at 2018-01-30 15:06:54 +0900
Processing by Api::V1::IdeasController#index as JSON
  [1m[36mIdea Load (0.1ms)[0m  [1m[34mSELECT "ideas".* FROM "ideas"[0m
Completed 200 OK in 2ms (Views: 1.7ms | ActiveRecord: 0.1ms)


Started GET "/api/v1/ideas.json" for ::1 at 2018-01-30 15:06:59 +0900
Processing by Api::V1::IdeasController#index as JSON
  [1m[36mIdea Load (0.4ms)[0m  [1m[34mSELECT "ideas".* FROM "ideas"[0m
Completed 200 OK in 2ms (Views: 1.6ms | ActiveRecord: 0.4ms)


Started GET "/api/v1/ideas.json" for ::1 at 2018-01-30 15:07:18 +0900
Processing by Api::V1::IdeasController#index as JSON
  [1m[36mIdea Load (0.2ms)[0m  [1m[34mSELECT "ideas".* FROM "ideas"[0m
Completed 200 OK in 2ms (Views: 2.1ms | ActiveRecord: 0.2ms)


Started GET "/api/v1/ideas.json" for ::1 at 2018-01-30 15:08:10 +0900
Processing by Api::V1::IdeasController#index as JSON
  [1m[36mIdea Load (0.2ms)[0m  [1m[34mSELECT "ideas".* FROM "ideas"[0m
Completed 200 OK in 3ms (Views: 2.7ms | ActiveRecord: 0.2ms)


Started GET "/api/v1/ideas.json" for ::1 at 2018-01-30 15:10:26 +0900
Processing by Api::V1::IdeasController#index as JSON
  [1m[36mIdea Load (0.1ms)[0m  [1m[34mSELECT "ideas".* FROM "ideas"[0m
Completed 200 OK in 9ms (Views: 6.6ms | ActiveRecord: 0.7ms)


Started GET "/api/v1/ideas.json" for ::1 at 2018-01-30 15:10:29 +0900
Processing by Api::V1::IdeasController#index as JSON
  [1m[36mIdea Load (0.2ms)[0m  [1m[34mSELECT "ideas".* FROM "ideas"[0m
Completed 200 OK in 2ms (Views: 1.8ms | ActiveRecord: 0.2ms)


Started GET "/api/v1/ideas.json" for ::1 at 2018-01-30 15:10:34 +0900
Processing by Api::V1::IdeasController#index as JSON
  [1m[36mIdea Load (0.2ms)[0m  [1m[34mSELECT "ideas".* FROM "ideas"[0m
Completed 200 OK in 2ms (Views: 1.8ms | ActiveRecord: 0.2ms)


Started GET "/api/v1/ideas.json" for ::1 at 2018-01-30 15:10:48 +0900
Processing by Api::V1::IdeasController#index as JSON
  [1m[36mIdea Load (0.2ms)[0m  [1m[34mSELECT "ideas".* FROM "ideas"[0m
Completed 200 OK in 2ms (Views: 1.6ms | ActiveRecord: 0.2ms)


Started GET "/api/v1/ideas.json" for ::1 at 2018-01-30 15:11:01 +0900
Processing by Api::V1::IdeasController#index as JSON
  [1m[36mIdea Load (0.2ms)[0m  [1m[34mSELECT "ideas".* FROM "ideas"[0m
Completed 200 OK in 2ms (Views: 1.9ms | ActiveRecord: 0.2ms)


Started GET "/api/v1/ideas.json" for ::1 at 2018-01-30 15:11:38 +0900
Processing by Api::V1::IdeasController#index as JSON
  [1m[36mIdea Load (0.5ms)[0m  [1m[34mSELECT "ideas".* FROM "ideas"[0m
Completed 200 OK in 3ms (Views: 2.2ms | ActiveRecord: 0.5ms)


Started POST "/api/v1/ideas" for ::1 at 2018-01-30 15:11:40 +0900
Processing by Api::V1::IdeasController#create as HTML
  Parameters: {"idea"=>{"title"=>"", "body"=>""}}
  [1m[35m (0.1ms)[0m  [1m[36mbegin transaction[0m
  [1m[35mSQL (0.5ms)[0m  [1m[32mINSERT INTO "ideas" ("title", "body", "created_at", "updated_at") VALUES (?, ?, ?, ?)[0m  [["title", ""], ["body", ""], ["created_at", "2018-01-30 06:11:40.159168"], ["updated_at", "2018-01-30 06:11:40.159168"]]
  [1m[35m (1.3ms)[0m  [1m[36mcommit transaction[0m
Completed 200 OK in 5ms (Views: 0.6ms | ActiveRecord: 1.8ms)


Started GET "/api/v1/ideas.json" for ::1 at 2018-01-30 15:11:43 +0900
Processing by Api::V1::IdeasController#index as JSON
  [1m[36mIdea Load (0.3ms)[0m  [1m[34mSELECT "ideas".* FROM "ideas"[0m
Completed 200 OK in 3ms (Views: 2.1ms | ActiveRecord: 0.3ms)


Started GET "/api/v1/ideas.json" for ::1 at 2018-01-30 15:11:54 +0900
Processing by Api::V1::IdeasController#index as JSON
  [1m[36mIdea Load (0.2ms)[0m  [1m[34mSELECT "ideas".* FROM "ideas"[0m
Completed 200 OK in 6ms (Views: 5.4ms | ActiveRecord: 0.2ms)


Started POST "/api/v1/ideas" for ::1 at 2018-01-30 15:12:17 +0900
Processing by Api::V1::IdeasController#create as HTML
  Parameters: {"idea"=>{"title"=>"", "body"=>""}}
  [1m[35m (0.1ms)[0m  [1m[36mbegin transaction[0m
  [1m[35mSQL (0.3ms)[0m  [1m[32mINSERT INTO "ideas" ("title", "body", "created_at", "updated_at") VALUES (?, ?, ?, ?)[0m  [["title", ""], ["body", ""], ["created_at", "2018-01-30 06:12:17.651062"], ["updated_at", "2018-01-30 06:12:17.651062"]]
  [1m[35m (2.2ms)[0m  [1m[36mcommit transaction[0m
Completed 200 OK in 5ms (Views: 0.6ms | ActiveRecord: 2.6ms)


Started GET "/api/v1/ideas.json" for ::1 at 2018-01-30 15:12:22 +0900
Processing by Api::V1::IdeasController#index as JSON
  [1m[36mIdea Load (0.2ms)[0m  [1m[34mSELECT "ideas".* FROM "ideas"[0m
Completed 200 OK in 3ms (Views: 2.1ms | ActiveRecord: 0.2ms)


Started GET "/api/v1/ideas.json" for ::1 at 2018-01-30 15:13:39 +0900
Processing by Api::V1::IdeasController#index as JSON
  [1m[36mIdea Load (0.2ms)[0m  [1m[34mSELECT "ideas".* FROM "ideas" ORDER BY created_at DESC[0m
Completed 200 OK in 23ms (Views: 19.2ms | ActiveRecord: 1.3ms)


Started GET "/api/v1/ideas.json" for ::1 at 2018-01-30 15:14:43 +0900
Processing by Api::V1::IdeasController#index as JSON
  [1m[36mIdea Load (0.2ms)[0m  [1m[34mSELECT "ideas".* FROM "ideas" ORDER BY created_at DESC[0m
Completed 200 OK in 2ms (Views: 1.9ms | ActiveRecord: 0.2ms)


Started GET "/api/v1/ideas.json" for ::1 at 2018-01-30 15:15:17 +0900
Processing by Api::V1::IdeasController#index as JSON
  [1m[36mIdea Load (0.2ms)[0m  [1m[34mSELECT "ideas".* FROM "ideas" ORDER BY created_at DESC[0m
Completed 200 OK in 2ms (Views: 2.0ms | ActiveRecord: 0.2ms)


Started POST "/api/v1/ideas" for ::1 at 2018-01-30 15:16:46 +0900
Processing by Api::V1::IdeasController#create as HTML
  Parameters: {"idea"=>{"title"=>"", "body"=>""}}
  [1m[35m (0.0ms)[0m  [1m[36mbegin transaction[0m
  [1m[35mSQL (0.3ms)[0m  [1m[32mINSERT INTO "ideas" ("title", "body", "created_at", "updated_at") VALUES (?, ?, ?, ?)[0m  [["title", ""], ["body", ""], ["created_at", "2018-01-30 06:16:46.156282"], ["updated_at", "2018-01-30 06:16:46.156282"]]
  [1m[35m (0.8ms)[0m  [1m[36mcommit transaction[0m
Completed 200 OK in 3ms (Views: 0.3ms | ActiveRecord: 1.1ms)


Started GET "/api/v1/ideas.json" for ::1 at 2018-01-30 15:20:26 +0900
Processing by Api::V1::IdeasController#index as JSON
  [1m[36mIdea Load (5.5ms)[0m  [1m[34mSELECT "ideas".* FROM "ideas" ORDER BY created_at DESC[0m
Completed 200 OK in 9ms (Views: 3.0ms | ActiveRecord: 5.5ms)


Started GET "/api/v1/ideas.json" for ::1 at 2018-01-30 15:20:44 +0900
Processing by Api::V1::IdeasController#index as JSON
  [1m[36mIdea Load (0.2ms)[0m  [1m[34mSELECT "ideas".* FROM "ideas" ORDER BY created_at DESC[0m
Completed 200 OK in 3ms (Views: 2.1ms | ActiveRecord: 0.2ms)


Started GET "/api/v1/ideas.json" for ::1 at 2018-01-30 15:20:45 +0900
Processing by Api::V1::IdeasController#index as JSON
  [1m[36mIdea Load (0.2ms)[0m  [1m[34mSELECT "ideas".* FROM "ideas" ORDER BY created_at DESC[0m
Completed 200 OK in 3ms (Views: 2.3ms | ActiveRecord: 0.2ms)


Started GET "/api/v1/ideas.json" for ::1 at 2018-01-30 15:21:56 +0900
Processing by Api::V1::IdeasController#index as JSON
  [1m[36mIdea Load (0.2ms)[0m  [1m[34mSELECT "ideas".* FROM "ideas" ORDER BY created_at DESC[0m
Completed 200 OK in 2ms (Views: 1.9ms | ActiveRecord: 0.2ms)


Started GET "/api/v1/ideas.json" for ::1 at 2018-01-30 15:21:57 +0900
Processing by Api::V1::IdeasController#index as JSON
  [1m[36mIdea Load (0.2ms)[0m  [1m[34mSELECT "ideas".* FROM "ideas" ORDER BY created_at DESC[0m
Completed 200 OK in 3ms (Views: 2.7ms | ActiveRecord: 0.2ms)


Started GET "/api/v1/ideas.json" for ::1 at 2018-01-30 15:22:37 +0900
Processing by Api::V1::IdeasController#index as JSON
  [1m[36mIdea Load (0.2ms)[0m  [1m[34mSELECT "ideas".* FROM "ideas" ORDER BY created_at DESC[0m
Completed 200 OK in 3ms (Views: 2.1ms | ActiveRecord: 0.2ms)


Started GET "/api/v1/ideas.json" for ::1 at 2018-01-30 15:22:38 +0900
Processing by Api::V1::IdeasController#index as JSON
  [1m[36mIdea Load (0.2ms)[0m  [1m[34mSELECT "ideas".* FROM "ideas" ORDER BY created_at DESC[0m
Completed 200 OK in 2ms (Views: 1.9ms | ActiveRecord: 0.2ms)


Started POST "/api/v1/ideas" for ::1 at 2018-01-30 15:23:17 +0900
Processing by Api::V1::IdeasController#create as HTML
  Parameters: {"idea"=>{"title"=>"", "body"=>""}}
  [1m[35m (0.0ms)[0m  [1m[36mbegin transaction[0m
  [1m[35mSQL (0.3ms)[0m  [1m[32mINSERT INTO "ideas" ("title", "body", "created_at", "updated_at") VALUES (?, ?, ?, ?)[0m  [["title", ""], ["body", ""], ["created_at", "2018-01-30 06:23:17.514221"], ["updated_at", "2018-01-30 06:23:17.514221"]]
  [1m[35m (1.9ms)[0m  [1m[36mcommit transaction[0m
Completed 200 OK in 4ms (Views: 0.3ms | ActiveRecord: 2.2ms)


Started GET "/api/v1/ideas.json" for ::1 at 2018-01-30 15:25:25 +0900
Processing by Api::V1::IdeasController#index as JSON
  [1m[36mIdea Load (0.2ms)[0m  [1m[34mSELECT "ideas".* FROM "ideas" ORDER BY created_at DESC[0m
Completed 200 OK in 3ms (Views: 2.1ms | ActiveRecord: 0.2ms)


Started GET "/api/v1/ideas.json" for ::1 at 2018-01-30 15:26:01 +0900
Processing by Api::V1::IdeasController#index as JSON
  [1m[36mIdea Load (0.2ms)[0m  [1m[34mSELECT "ideas".* FROM "ideas" ORDER BY created_at DESC[0m
Completed 200 OK in 4ms (Views: 3.3ms | ActiveRecord: 0.2ms)


Started GET "/api/v1/ideas.json" for ::1 at 2018-01-30 15:26:21 +0900
Processing by Api::V1::IdeasController#index as JSON
  [1m[36mIdea Load (0.2ms)[0m  [1m[34mSELECT "ideas".* FROM "ideas" ORDER BY created_at DESC[0m
Completed 200 OK in 3ms (Views: 2.4ms | ActiveRecord: 0.2ms)


Started GET "/api/v1/ideas.json" for ::1 at 2018-01-30 15:26:40 +0900
Processing by Api::V1::IdeasController#index as JSON
  [1m[36mIdea Load (0.2ms)[0m  [1m[34mSELECT "ideas".* FROM "ideas" ORDER BY created_at DESC[0m
Completed 200 OK in 2ms (Views: 2.0ms | ActiveRecord: 0.2ms)


Started GET "/api/v1/ideas.json" for ::1 at 2018-01-30 15:26:56 +0900
Processing by Api::V1::IdeasController#index as JSON
  [1m[36mIdea Load (0.2ms)[0m  [1m[34mSELECT "ideas".* FROM "ideas" ORDER BY created_at DESC[0m
Completed 200 OK in 3ms (Views: 2.1ms | ActiveRecord: 0.2ms)


Started GET "/api/v1/ideas.json" for ::1 at 2018-01-30 15:27:33 +0900
Processing by Api::V1::IdeasController#index as JSON
  [1m[36mIdea Load (0.2ms)[0m  [1m[34mSELECT "ideas".* FROM "ideas" ORDER BY created_at DESC[0m
Completed 200 OK in 3ms (Views: 2.9ms | ActiveRecord: 0.2ms)


Started POST "/api/v1/ideas" for ::1 at 2018-01-30 15:28:34 +0900
Processing by Api::V1::IdeasController#create as HTML
  Parameters: {"idea"=>{"title"=>"", "body"=>""}}
  [1m[35m (0.1ms)[0m  [1m[36mbegin transaction[0m
  [1m[35mSQL (0.3ms)[0m  [1m[32mINSERT INTO "ideas" ("title", "body", "created_at", "updated_at") VALUES (?, ?, ?, ?)[0m  [["title", ""], ["body", ""], ["created_at", "2018-01-30 06:28:34.482378"], ["updated_at", "2018-01-30 06:28:34.482378"]]
  [1m[35m (2.0ms)[0m  [1m[36mcommit transaction[0m
Completed 200 OK in 4ms (Views: 0.4ms | ActiveRecord: 2.3ms)


Started GET "/api/v1/ideas.json" for ::1 at 2018-01-30 15:50:17 +0900
Processing by Api::V1::IdeasController#index as JSON
  [1m[36mIdea Load (0.1ms)[0m  [1m[34mSELECT "ideas".* FROM "ideas" ORDER BY created_at DESC[0m
Completed 200 OK in 15ms (Views: 11.8ms | ActiveRecord: 1.0ms)


Started GET "/api/v1/ideas.json" for ::1 at 2018-01-30 15:50:19 +0900
Processing by Api::V1::IdeasController#index as JSON
  [1m[36mIdea Load (0.4ms)[0m  [1m[34mSELECT "ideas".* FROM "ideas" ORDER BY created_at DESC[0m
Completed 200 OK in 4ms (Views: 3.7ms | ActiveRecord: 0.4ms)


Started GET "/api/v1/ideas.json" for ::1 at 2018-01-30 15:50:49 +0900
Processing by Api::V1::IdeasController#index as JSON
  [1m[36mIdea Load (0.3ms)[0m  [1m[34mSELECT "ideas".* FROM "ideas" ORDER BY created_at DESC[0m
Completed 200 OK in 3ms (Views: 2.8ms | ActiveRecord: 0.3ms)


Started POST "/api/v1/ideas" for ::1 at 2018-01-30 15:52:33 +0900
Processing by Api::V1::IdeasController#create as HTML
  Parameters: {"idea"=>{"title"=>"", "body"=>""}}
  [1m[35m (0.1ms)[0m  [1m[36mbegin transaction[0m
  [1m[35mSQL (0.3ms)[0m  [1m[32mINSERT INTO "ideas" ("title", "body", "created_at", "updated_at") VALUES (?, ?, ?, ?)[0m  [["title", ""], ["body", ""], ["created_at", "2018-01-30 06:52:33.262600"], ["updated_at", "2018-01-30 06:52:33.262600"]]
  [1m[35m (1.1ms)[0m  [1m[36mcommit transaction[0m
Completed 200 OK in 4ms (Views: 0.3ms | ActiveRecord: 1.5ms)


Started PUT "/api/v1/ideas/10" for ::1 at 2018-01-30 15:52:40 +0900
Processing by Api::V1::IdeasController#update as HTML
  Parameters: {"idea"=>{"title"=>"test titile", "body"=>""}, "id"=>"10"}
  [1m[36mIdea Load (0.2ms)[0m  [1m[34mSELECT  "ideas".* FROM "ideas" WHERE "ideas"."id" = ? LIMIT ?[0m  [["id", 10], ["LIMIT", 1]]
  [1m[35m (0.0ms)[0m  [1m[36mbegin transaction[0m
  [1m[35mSQL (0.3ms)[0m  [1m[33mUPDATE "ideas" SET "title" = ?, "updated_at" = ? WHERE "ideas"."id" = ?[0m  [["title", "test titile"], ["updated_at", "2018-01-30 06:52:40.170845"], ["id", 10]]
  [1m[35m (0.8ms)[0m  [1m[36mcommit transaction[0m
Completed 200 OK in 10ms (Views: 0.3ms | ActiveRecord: 1.4ms)


Started PUT "/api/v1/ideas/10" for ::1 at 2018-01-30 15:52:42 +0900
Processing by Api::V1::IdeasController#update as HTML
  Parameters: {"idea"=>{"title"=>"test titile", "body"=>""}, "id"=>"10"}
  [1m[36mIdea Load (0.7ms)[0m  [1m[34mSELECT  "ideas".* FROM "ideas" WHERE "ideas"."id" = ? LIMIT ?[0m  [["id", 10], ["LIMIT", 1]]
  [1m[35m (0.1ms)[0m  [1m[36mbegin transaction[0m
  [1m[35m (0.1ms)[0m  [1m[36mcommit transaction[0m
Completed 200 OK in 19ms (Views: 0.3ms | ActiveRecord: 0.9ms)


Started PUT "/api/v1/ideas/10" for ::1 at 2018-01-30 15:52:52 +0900
Processing by Api::V1::IdeasController#update as HTML
  Parameters: {"idea"=>{"title"=>"test titile", "body"=>"testbody\n"}, "id"=>"10"}
  [1m[36mIdea Load (0.2ms)[0m  [1m[34mSELECT  "ideas".* FROM "ideas" WHERE "ideas"."id" = ? LIMIT ?[0m  [["id", 10], ["LIMIT", 1]]
  [1m[35m (0.1ms)[0m  [1m[36mbegin transaction[0m
  [1m[35mSQL (0.3ms)[0m  [1m[33mUPDATE "ideas" SET "body" = ?, "updated_at" = ? WHERE "ideas"."id" = ?[0m  [["body", "testbody\n"], ["updated_at", "2018-01-30 06:52:52.108160"], ["id", 10]]
  [1m[35m (2.7ms)[0m  [1m[36mcommit transaction[0m
Completed 200 OK in 8ms (Views: 0.5ms | ActiveRecord: 3.3ms)


Started PUT "/api/v1/ideas/10" for ::1 at 2018-01-30 15:53:00 +0900
Processing by Api::V1::IdeasController#update as HTML
  Parameters: {"idea"=>{"title"=>"test titile", "body"=>"testbody\n"}, "id"=>"10"}
  [1m[36mIdea Load (0.3ms)[0m  [1m[34mSELECT  "ideas".* FROM "ideas" WHERE "ideas"."id" = ? LIMIT ?[0m  [["id", 10], ["LIMIT", 1]]
  [1m[35m (0.2ms)[0m  [1m[36mbegin transaction[0m
  [1m[35m (0.0ms)[0m  [1m[36mcommit transaction[0m
Completed 200 OK in 3ms (Views: 0.3ms | ActiveRecord: 0.5ms)


Started GET "/api/v1/ideas.json" for ::1 at 2018-01-30 15:54:02 +0900
Processing by Api::V1::IdeasController#index as JSON
  [1m[36mIdea Load (0.2ms)[0m  [1m[34mSELECT "ideas".* FROM "ideas" ORDER BY created_at DESC[0m
Completed 200 OK in 3ms (Views: 2.9ms | ActiveRecord: 0.2ms)


Started GET "/api/v1/ideas.json" for ::1 at 2018-01-30 15:56:29 +0900
Processing by Api::V1::IdeasController#index as JSON
  [1m[36mIdea Load (0.2ms)[0m  [1m[34mSELECT "ideas".* FROM "ideas" ORDER BY created_at DESC[0m
Completed 200 OK in 5ms (Views: 4.2ms | ActiveRecord: 0.2ms)


Started GET "/api/v1/ideas.json" for ::1 at 2018-01-30 15:57:58 +0900
Processing by Api::V1::IdeasController#index as JSON
  [1m[36mIdea Load (0.2ms)[0m  [1m[34mSELECT "ideas".* FROM "ideas" ORDER BY created_at DESC[0m
Completed 200 OK in 3ms (Views: 2.7ms | ActiveRecord: 0.2ms)


Started GET "/api/v1/ideas.json" for ::1 at 2018-01-30 15:58:54 +0900
Processing by Api::V1::IdeasController#index as JSON
  [1m[36mIdea Load (0.2ms)[0m  [1m[34mSELECT "ideas".* FROM "ideas" ORDER BY created_at DESC[0m
Completed 200 OK in 4ms (Views: 3.2ms | ActiveRecord: 0.2ms)


Started GET "/api/v1/ideas.json" for ::1 at 2018-01-30 16:09:03 +0900
Processing by Api::V1::IdeasController#index as JSON
  [1m[36mIdea Load (0.2ms)[0m  [1m[34mSELECT "ideas".* FROM "ideas" ORDER BY created_at DESC[0m
Completed 200 OK in 3ms (Views: 2.6ms | ActiveRecord: 0.2ms)


Started GET "/api/v1/ideas.json" for ::1 at 2018-01-30 16:09:15 +0900
Processing by Api::V1::IdeasController#index as JSON
  [1m[36mIdea Load (0.2ms)[0m  [1m[34mSELECT "ideas".* FROM "ideas" ORDER BY created_at DESC[0m
Completed 200 OK in 4ms (Views: 3.1ms | ActiveRecord: 0.2ms)


Started GET "/api/v1/ideas.json" for ::1 at 2018-01-30 16:11:22 +0900
Processing by Api::V1::IdeasController#index as JSON
  [1m[36mIdea Load (0.3ms)[0m  [1m[34mSELECT "ideas".* FROM "ideas" ORDER BY created_at DESC[0m
Completed 200 OK in 5ms (Views: 4.6ms | ActiveRecord: 0.3ms)


Started POST "/api/v1/ideas" for ::1 at 2018-01-30 16:11:35 +0900
Processing by Api::V1::IdeasController#create as HTML
  Parameters: {"idea"=>{"title"=>"", "body"=>""}}
  [1m[35m (0.0ms)[0m  [1m[36mbegin transaction[0m
  [1m[35mSQL (0.3ms)[0m  [1m[32mINSERT INTO "ideas" ("title", "body", "created_at", "updated_at") VALUES (?, ?, ?, ?)[0m  [["title", ""], ["body", ""], ["created_at", "2018-01-30 07:11:35.862762"], ["updated_at", "2018-01-30 07:11:35.862762"]]
  [1m[35m (2.4ms)[0m  [1m[36mcommit transaction[0m
Completed 200 OK in 5ms (Views: 0.3ms | ActiveRecord: 2.7ms)


Started PUT "/api/v1/ideas/11" for ::1 at 2018-01-30 16:11:37 +0900
Processing by Api::V1::IdeasController#update as HTML
  Parameters: {"idea"=>{"title"=>"dadsa", "body"=>""}, "id"=>"11"}
  [1m[36mIdea Load (0.2ms)[0m  [1m[34mSELECT  "ideas".* FROM "ideas" WHERE "ideas"."id" = ? LIMIT ?[0m  [["id", 11], ["LIMIT", 1]]
  [1m[35m (0.1ms)[0m  [1m[36mbegin transaction[0m
  [1m[35mSQL (0.2ms)[0m  [1m[33mUPDATE "ideas" SET "title" = ?, "updated_at" = ? WHERE "ideas"."id" = ?[0m  [["title", "dadsa"], ["updated_at", "2018-01-30 07:11:37.502787"], ["id", 11]]
  [1m[35m (2.3ms)[0m  [1m[36mcommit transaction[0m
Completed 200 OK in 6ms (Views: 0.4ms | ActiveRecord: 2.8ms)


Started PUT "/api/v1/ideas/11" for ::1 at 2018-01-30 16:11:38 +0900
Processing by Api::V1::IdeasController#update as HTML
  Parameters: {"idea"=>{"title"=>"dadsa", "body"=>"dadadsa"}, "id"=>"11"}
  [1m[36mIdea Load (0.1ms)[0m  [1m[34mSELECT  "ideas".* FROM "ideas" WHERE "ideas"."id" = ? LIMIT ?[0m  [["id", 11], ["LIMIT", 1]]
  [1m[35m (0.1ms)[0m  [1m[36mbegin transaction[0m
  [1m[35mSQL (0.4ms)[0m  [1m[33mUPDATE "ideas" SET "body" = ?, "updated_at" = ? WHERE "ideas"."id" = ?[0m  [["body", "dadadsa"], ["updated_at", "2018-01-30 07:11:38.989308"], ["id", 11]]
  [1m[35m (2.2ms)[0m  [1m[36mcommit transaction[0m
Completed 200 OK in 7ms (Views: 0.9ms | ActiveRecord: 2.8ms)


Started GET "/api/v1/ideas.json" for ::1 at 2018-01-30 16:11:41 +0900
Processing by Api::V1::IdeasController#index as JSON
  [1m[36mIdea Load (0.6ms)[0m  [1m[34mSELECT "ideas".* FROM "ideas" ORDER BY created_at DESC[0m
Completed 200 OK in 4ms (Views: 3.1ms | ActiveRecord: 0.6ms)


Started GET "/api/v1/ideas.json" for ::1 at 2018-01-30 16:13:03 +0900
Processing by Api::V1::IdeasController#index as JSON
  [1m[36mIdea Load (0.2ms)[0m  [1m[34mSELECT "ideas".* FROM "ideas" ORDER BY created_at DESC[0m
Completed 200 OK in 10ms (Views: 9.5ms | ActiveRecord: 0.2ms)


Started GET "/api/v1/ideas.json" for ::1 at 2018-01-30 16:14:02 +0900
Processing by Api::V1::IdeasController#index as JSON
  [1m[36mIdea Load (0.2ms)[0m  [1m[34mSELECT "ideas".* FROM "ideas" ORDER BY created_at DESC[0m
Completed 200 OK in 3ms (Views: 2.9ms | ActiveRecord: 0.2ms)


Started GET "/api/v1/ideas.json" for ::1 at 2018-01-30 16:14:10 +0900
Processing by Api::V1::IdeasController#index as JSON
  [1m[36mIdea Load (0.2ms)[0m  [1m[34mSELECT "ideas".* FROM "ideas" ORDER BY created_at DESC[0m
Completed 200 OK in 4ms (Views: 3.4ms | ActiveRecord: 0.2ms)


Started GET "/api/v1/ideas.json" for ::1 at 2018-01-30 16:14:12 +0900
Processing by Api::V1::IdeasController#index as JSON
  [1m[36mIdea Load (0.5ms)[0m  [1m[34mSELECT "ideas".* FROM "ideas" ORDER BY created_at DESC[0m
Completed 200 OK in 4ms (Views: 3.4ms | ActiveRecord: 0.5ms)


Started GET "/api/v1/ideas.json" for ::1 at 2018-01-30 16:14:35 +0900
Processing by Api::V1::IdeasController#index as JSON
  [1m[36mIdea Load (0.2ms)[0m  [1m[34mSELECT "ideas".* FROM "ideas" ORDER BY created_at DESC[0m
Completed 200 OK in 4ms (Views: 3.1ms | ActiveRecord: 0.2ms)


Started POST "/api/v1/ideas" for ::1 at 2018-01-30 16:14:58 +0900
Processing by Api::V1::IdeasController#create as HTML
  Parameters: {"idea"=>{"title"=>"", "body"=>""}}
  [1m[35m (0.1ms)[0m  [1m[36mbegin transaction[0m
  [1m[35mSQL (0.3ms)[0m  [1m[32mINSERT INTO "ideas" ("title", "body", "created_at", "updated_at") VALUES (?, ?, ?, ?)[0m  [["title", ""], ["body", ""], ["created_at", "2018-01-30 07:14:58.656692"], ["updated_at", "2018-01-30 07:14:58.656692"]]
  [1m[35m (2.3ms)[0m  [1m[36mcommit transaction[0m
Completed 200 OK in 5ms (Views: 0.4ms | ActiveRecord: 2.7ms)


Started PUT "/api/v1/ideas/12" for ::1 at 2018-01-30 16:15:01 +0900
Processing by Api::V1::IdeasController#update as HTML
  Parameters: {"idea"=>{"title"=>"aaaa", "body"=>""}, "id"=>"12"}
  [1m[36mIdea Load (0.2ms)[0m  [1m[34mSELECT  "ideas".* FROM "ideas" WHERE "ideas"."id" = ? LIMIT ?[0m  [["id", 12], ["LIMIT", 1]]
  [1m[35m (0.1ms)[0m  [1m[36mbegin transaction[0m
  [1m[35mSQL (0.4ms)[0m  [1m[33mUPDATE "ideas" SET "title" = ?, "updated_at" = ? WHERE "ideas"."id" = ?[0m  [["title", "aaaa"], ["updated_at", "2018-01-30 07:15:01.521438"], ["id", 12]]
  [1m[35m (2.1ms)[0m  [1m[36mcommit transaction[0m
Completed 200 OK in 6ms (Views: 0.4ms | ActiveRecord: 2.7ms)


Started PUT "/api/v1/ideas/12" for ::1 at 2018-01-30 16:15:03 +0900
Processing by Api::V1::IdeasController#update as HTML
  Parameters: {"idea"=>{"title"=>"aaaa", "body"=>"a"}, "id"=>"12"}
  [1m[36mIdea Load (0.1ms)[0m  [1m[34mSELECT  "ideas".* FROM "ideas" WHERE "ideas"."id" = ? LIMIT ?[0m  [["id", 12], ["LIMIT", 1]]
  [1m[35m (0.1ms)[0m  [1m[36mbegin transaction[0m
  [1m[35mSQL (0.3ms)[0m  [1m[33mUPDATE "ideas" SET "body" = ?, "updated_at" = ? WHERE "ideas"."id" = ?[0m  [["body", "a"], ["updated_at", "2018-01-30 07:15:03.892158"], ["id", 12]]
  [1m[35m (1.1ms)[0m  [1m[36mcommit transaction[0m
Completed 200 OK in 5ms (Views: 0.5ms | ActiveRecord: 1.6ms)


Started GET "/api/v1/ideas.json" for ::1 at 2018-01-30 16:28:24 +0900
Processing by Api::V1::IdeasController#index as JSON
  [1m[36mIdea Load (0.3ms)[0m  [1m[34mSELECT "ideas".* FROM "ideas" ORDER BY created_at DESC[0m
Completed 200 OK in 4ms (Views: 3.1ms | ActiveRecord: 0.3ms)


Started GET "/api/v1/ideas.json" for ::1 at 2018-01-30 16:30:13 +0900
Processing by Api::V1::IdeasController#index as JSON
  [1m[36mIdea Load (0.2ms)[0m  [1m[34mSELECT "ideas".* FROM "ideas" ORDER BY created_at DESC[0m
Completed 200 OK in 3ms (Views: 3.0ms | ActiveRecord: 0.2ms)


Started GET "/api/v1/ideas.json" for ::1 at 2018-01-30 16:30:23 +0900
Processing by Api::V1::IdeasController#index as JSON
  [1m[36mIdea Load (0.3ms)[0m  [1m[34mSELECT "ideas".* FROM "ideas" ORDER BY created_at DESC[0m
Completed 200 OK in 3ms (Views: 2.9ms | ActiveRecord: 0.3ms)


Started GET "/api/v1/ideas.json" for ::1 at 2018-01-30 16:32:17 +0900
Processing by Api::V1::IdeasController#index as JSON
  [1m[36mIdea Load (0.2ms)[0m  [1m[34mSELECT "ideas".* FROM "ideas" ORDER BY created_at DESC[0m
Completed 200 OK in 4ms (Views: 3.3ms | ActiveRecord: 0.2ms)


Started GET "/api/v1/ideas.json" for ::1 at 2018-01-30 16:32:25 +0900
Processing by Api::V1::IdeasController#index as JSON
  [1m[36mIdea Load (0.2ms)[0m  [1m[34mSELECT "ideas".* FROM "ideas" ORDER BY created_at DESC[0m
Completed 200 OK in 3ms (Views: 2.9ms | ActiveRecord: 0.2ms)


Started GET "/api/v1/ideas.json" for ::1 at 2018-01-30 16:33:31 +0900
Processing by Api::V1::IdeasController#index as JSON
  [1m[36mIdea Load (0.3ms)[0m  [1m[34mSELECT "ideas".* FROM "ideas" ORDER BY created_at DESC[0m
Completed 200 OK in 3ms (Views: 2.9ms | ActiveRecord: 0.3ms)


Started GET "/api/v1/ideas.json" for ::1 at 2018-01-30 16:33:34 +0900
Processing by Api::V1::IdeasController#index as JSON
  [1m[36mIdea Load (0.2ms)[0m  [1m[34mSELECT "ideas".* FROM "ideas" ORDER BY created_at DESC[0m
Completed 200 OK in 3ms (Views: 2.9ms | ActiveRecord: 0.2ms)


Started GET "/api/v1/ideas.json" for ::1 at 2018-01-30 16:33:36 +0900
Processing by Api::V1::IdeasController#index as JSON
  [1m[36mIdea Load (0.2ms)[0m  [1m[34mSELECT "ideas".* FROM "ideas" ORDER BY created_at DESC[0m
Completed 200 OK in 4ms (Views: 3.7ms | ActiveRecord: 0.2ms)


Started GET "/api/v1/ideas.json" for ::1 at 2018-01-30 16:34:02 +0900
Processing by Api::V1::IdeasController#index as JSON
  [1m[36mIdea Load (0.2ms)[0m  [1m[34mSELECT "ideas".* FROM "ideas" ORDER BY created_at DESC[0m
Completed 200 OK in 4ms (Views: 3.2ms | ActiveRecord: 0.2ms)


Started GET "/api/v1/ideas.json" for ::1 at 2018-01-30 16:34:04 +0900
Processing by Api::V1::IdeasController#index as JSON
  [1m[36mIdea Load (0.3ms)[0m  [1m[34mSELECT "ideas".* FROM "ideas" ORDER BY created_at DESC[0m
Completed 200 OK in 3ms (Views: 2.9ms | ActiveRecord: 0.3ms)


Started GET "/api/v1/ideas.json" for ::1 at 2018-01-30 16:35:00 +0900
Processing by Api::V1::IdeasController#index as JSON
  [1m[36mIdea Load (0.2ms)[0m  [1m[34mSELECT "ideas".* FROM "ideas" ORDER BY created_at DESC[0m
Completed 200 OK in 4ms (Views: 3.2ms | ActiveRecord: 0.2ms)


Started GET "/api/v1/ideas.json" for ::1 at 2018-01-30 16:35:04 +0900
Processing by Api::V1::IdeasController#index as JSON
  [1m[36mIdea Load (0.2ms)[0m  [1m[34mSELECT "ideas".* FROM "ideas" ORDER BY created_at DESC[0m
Completed 200 OK in 5ms (Views: 4.7ms | ActiveRecord: 0.2ms)


Started GET "/api/v1/ideas.json" for ::1 at 2018-01-30 16:35:08 +0900
Processing by Api::V1::IdeasController#index as JSON
  [1m[36mIdea Load (0.2ms)[0m  [1m[34mSELECT "ideas".* FROM "ideas" ORDER BY created_at DESC[0m
Completed 200 OK in 3ms (Views: 2.6ms | ActiveRecord: 0.2ms)


Started GET "/api/v1/ideas.json" for ::1 at 2018-01-30 16:46:53 +0900
Processing by Api::V1::IdeasController#index as JSON
  [1m[36mIdea Load (0.3ms)[0m  [1m[34mSELECT "ideas".* FROM "ideas" ORDER BY created_at DESC[0m
Completed 200 OK in 4ms (Views: 3.0ms | ActiveRecord: 0.3ms)


Started GET "/api/v1/ideas.json" for ::1 at 2018-01-30 16:47:48 +0900
Processing by Api::V1::IdeasController#index as JSON
  [1m[36mIdea Load (0.4ms)[0m  [1m[34mSELECT "ideas".* FROM "ideas" ORDER BY created_at DESC[0m
Completed 200 OK in 22ms (Views: 5.5ms | ActiveRecord: 0.4ms)


Started GET "/api/v1/ideas.json" for ::1 at 2018-01-30 16:48:56 +0900
Processing by Api::V1::IdeasController#index as JSON
  [1m[36mIdea Load (0.3ms)[0m  [1m[34mSELECT "ideas".* FROM "ideas" ORDER BY created_at DESC[0m
Completed 200 OK in 4ms (Views: 3.5ms | ActiveRecord: 0.3ms)


Started PUT "/api/v1/ideas/12" for ::1 at 2018-01-30 16:49:22 +0900
Processing by Api::V1::IdeasController#update as HTML
  Parameters: {"idea"=>{"title"=>"aaaa", "body"=>"a"}, "id"=>"12"}
  [1m[36mIdea Load (0.1ms)[0m  [1m[34mSELECT  "ideas".* FROM "ideas" WHERE "ideas"."id" = ? LIMIT ?[0m  [["id", 12], ["LIMIT", 1]]
  [1m[35m (0.0ms)[0m  [1m[36mbegin transaction[0m
  [1m[35m (0.1ms)[0m  [1m[36mcommit transaction[0m
Completed 200 OK in 2ms (Views: 0.2ms | ActiveRecord: 0.3ms)


Started PUT "/api/v1/ideas/12" for ::1 at 2018-01-30 16:50:06 +0900
Processing by Api::V1::IdeasController#update as HTML
  Parameters: {"idea"=>{"title"=>"aaaa", "body"=>"a"}, "id"=>"12"}
  [1m[36mIdea Load (0.3ms)[0m  [1m[34mSELECT  "ideas".* FROM "ideas" WHERE "ideas"."id" = ? LIMIT ?[0m  [["id", 12], ["LIMIT", 1]]
  [1m[35m (0.1ms)[0m  [1m[36mbegin transaction[0m
  [1m[35m (0.1ms)[0m  [1m[36mcommit transaction[0m
Completed 200 OK in 3ms (Views: 0.4ms | ActiveRecord: 0.4ms)


Started PUT "/api/v1/ideas/12" for ::1 at 2018-01-30 16:50:07 +0900
Processing by Api::V1::IdeasController#update as HTML
  Parameters: {"idea"=>{"title"=>"aaaa", "body"=>"a"}, "id"=>"12"}
  [1m[36mIdea Load (0.3ms)[0m  [1m[34mSELECT  "ideas".* FROM "ideas" WHERE "ideas"."id" = ? LIMIT ?[0m  [["id", 12], ["LIMIT", 1]]
  [1m[35m (0.0ms)[0m  [1m[36mbegin transaction[0m
  [1m[35m (0.0ms)[0m  [1m[36mcommit transaction[0m
Completed 200 OK in 3ms (Views: 0.4ms | ActiveRecord: 0.3ms)


Started PUT "/api/v1/ideas/11" for ::1 at 2018-01-30 16:50:09 +0900
Processing by Api::V1::IdeasController#update as HTML
  Parameters: {"idea"=>{"title"=>"dadsa", "body"=>"dadadsa"}, "id"=>"11"}
  [1m[36mIdea Load (0.2ms)[0m  [1m[34mSELECT  "ideas".* FROM "ideas" WHERE "ideas"."id" = ? LIMIT ?[0m  [["id", 11], ["LIMIT", 1]]
  [1m[35m (0.1ms)[0m  [1m[36mbegin transaction[0m
  [1m[35m (0.0ms)[0m  [1m[36mcommit transaction[0m
Completed 200 OK in 2ms (Views: 0.3ms | ActiveRecord: 0.3ms)


Started GET "/api/v1/ideas.json" for ::1 at 2018-01-30 16:55:04 +0900
Processing by Api::V1::IdeasController#index as JSON
  [1m[36mIdea Load (0.2ms)[0m  [1m[34mSELECT "ideas".* FROM "ideas" ORDER BY created_at DESC[0m
Completed 200 OK in 4ms (Views: 3.3ms | ActiveRecord: 0.2ms)


Started GET "/api/v1/ideas.json" for ::1 at 2018-01-30 16:55:21 +0900
Processing by Api::V1::IdeasController#index as JSON
  [1m[36mIdea Load (0.5ms)[0m  [1m[34mSELECT "ideas".* FROM "ideas" ORDER BY created_at DESC[0m
Completed 200 OK in 4ms (Views: 3.5ms | ActiveRecord: 0.5ms)


Started GET "/api/v1/ideas.json" for ::1 at 2018-01-30 16:56:00 +0900
Processing by Api::V1::IdeasController#index as JSON
  [1m[36mIdea Load (0.2ms)[0m  [1m[34mSELECT "ideas".* FROM "ideas" ORDER BY created_at DESC[0m
Completed 200 OK in 4ms (Views: 3.1ms | ActiveRecord: 0.2ms)


Started GET "/api/v1/ideas.json" for ::1 at 2018-01-30 16:56:43 +0900
Processing by Api::V1::IdeasController#index as JSON
  [1m[36mIdea Load (0.3ms)[0m  [1m[34mSELECT "ideas".* FROM "ideas" ORDER BY created_at DESC[0m
Completed 200 OK in 4ms (Views: 3.5ms | ActiveRecord: 0.3ms)


Started GET "/api/v1/ideas.json" for ::1 at 2018-01-30 16:57:47 +0900
Processing by Api::V1::IdeasController#index as JSON
  [1m[36mIdea Load (0.2ms)[0m  [1m[34mSELECT "ideas".* FROM "ideas" ORDER BY created_at DESC[0m
Completed 200 OK in 3ms (Views: 3.0ms | ActiveRecord: 0.2ms)


Started GET "/api/v1/ideas.json" for ::1 at 2018-01-30 16:58:25 +0900
Processing by Api::V1::IdeasController#index as JSON
  [1m[36mIdea Load (0.3ms)[0m  [1m[34mSELECT "ideas".* FROM "ideas" ORDER BY created_at DESC[0m
Completed 200 OK in 66ms (Views: 28.7ms | ActiveRecord: 3.0ms)


Started DELETE "/api/v1/ideas/11" for ::1 at 2018-01-30 16:58:38 +0900
Processing by Api::V1::IdeasController#destroy as HTML
  Parameters: {"id"=>"11"}
  [1m[36mIdea Load (0.2ms)[0m  [1m[34mSELECT  "ideas".* FROM "ideas" WHERE "ideas"."id" = ? LIMIT ?[0m  [["id", 11], ["LIMIT", 1]]
  [1m[35m (0.0ms)[0m  [1m[36mbegin transaction[0m
  [1m[35mSQL (0.2ms)[0m  [1m[31mDELETE FROM "ideas" WHERE "ideas"."id" = ?[0m  [["id", 11]]
  [1m[35m (2.5ms)[0m  [1m[36mcommit transaction[0m
Completed 204 No Content in 5ms (ActiveRecord: 2.9ms)


Started DELETE "/api/v1/ideas/12" for ::1 at 2018-01-30 17:05:43 +0900
Processing by Api::V1::IdeasController#destroy as HTML
  Parameters: {"id"=>"12"}
  [1m[36mIdea Load (0.1ms)[0m  [1m[34mSELECT  "ideas".* FROM "ideas" WHERE "ideas"."id" = ? LIMIT ?[0m  [["id", 12], ["LIMIT", 1]]
  [1m[35m (0.1ms)[0m  [1m[36mbegin transaction[0m
  [1m[35mSQL (0.3ms)[0m  [1m[31mDELETE FROM "ideas" WHERE "ideas"."id" = ?[0m  [["id", 12]]
  [1m[35m (0.6ms)[0m  [1m[36mcommit transaction[0m
Completed 204 No Content in 2ms (ActiveRecord: 1.1ms)


Started DELETE "/api/v1/ideas/10" for ::1 at 2018-01-30 17:05:43 +0900
Processing by Api::V1::IdeasController#destroy as HTML
  Parameters: {"id"=>"10"}
  [1m[36mIdea Load (0.1ms)[0m  [1m[34mSELECT  "ideas".* FROM "ideas" WHERE "ideas"."id" = ? LIMIT ?[0m  [["id", 10], ["LIMIT", 1]]
  [1m[35m (0.0ms)[0m  [1m[36mbegin transaction[0m
  [1m[35mSQL (0.2ms)[0m  [1m[31mDELETE FROM "ideas" WHERE "ideas"."id" = ?[0m  [["id", 10]]
  [1m[35m (2.5ms)[0m  [1m[36mcommit transaction[0m
Completed 204 No Content in 5ms (ActiveRecord: 3.0ms)


Started GET "/api/v1/ideas.json" for ::1 at 2018-01-30 17:47:28 +0900
Processing by Api::V1::IdeasController#index as JSON
  [1m[36mIdea Load (0.3ms)[0m  [1m[34mSELECT "ideas".* FROM "ideas" ORDER BY created_at DESC[0m
Completed 200 OK in 3ms (Views: 2.8ms | ActiveRecord: 0.3ms)


Started GET "/api/v1/ideas.json" for ::1 at 2018-01-30 17:47:28 +0900
Processing by Api::V1::IdeasController#index as JSON
  [1m[36mIdea Load (0.3ms)[0m  [1m[34mSELECT "ideas".* FROM "ideas" ORDER BY created_at DESC[0m
Completed 200 OK in 3ms (Views: 2.8ms | ActiveRecord: 0.3ms)


Started POST "/api/v1/ideas" for ::1 at 2018-01-30 17:47:35 +0900
Processing by Api::V1::IdeasController#create as HTML
  Parameters: {"idea"=>{"title"=>"", "body"=>""}}
  [1m[35m (0.1ms)[0m  [1m[36mbegin transaction[0m
  [1m[35mSQL (0.3ms)[0m  [1m[32mINSERT INTO "ideas" ("title", "body", "created_at", "updated_at") VALUES (?, ?, ?, ?)[0m  [["title", ""], ["body", ""], ["created_at", "2018-01-30 08:47:35.133402"], ["updated_at", "2018-01-30 08:47:35.133402"]]
  [1m[35m (3.0ms)[0m  [1m[36mcommit transaction[0m
Completed 200 OK in 5ms (Views: 0.3ms | ActiveRecord: 3.4ms)


Started PUT "/api/v1/ideas/13" for ::1 at 2018-01-30 17:47:37 +0900
Processing by Api::V1::IdeasController#update as HTML
  Parameters: {"idea"=>{"title"=>"aaa", "body"=>""}, "id"=>"13"}
  [1m[36mIdea Load (0.1ms)[0m  [1m[34mSELECT  "ideas".* FROM "ideas" WHERE "ideas"."id" = ? LIMIT ?[0m  [["id", 13], ["LIMIT", 1]]
  [1m[35m (0.0ms)[0m  [1m[36mbegin transaction[0m
  [1m[35mSQL (0.6ms)[0m  [1m[33mUPDATE "ideas" SET "title" = ?, "updated_at" = ? WHERE "ideas"."id" = ?[0m  [["title", "aaa"], ["updated_at", "2018-01-30 08:47:37.141771"], ["id", 13]]
  [1m[35m (2.3ms)[0m  [1m[36mcommit transaction[0m
Completed 200 OK in 6ms (Views: 0.3ms | ActiveRecord: 3.1ms)


Started PUT "/api/v1/ideas/13" for ::1 at 2018-01-30 17:47:38 +0900
Processing by Api::V1::IdeasController#update as HTML
  Parameters: {"idea"=>{"title"=>"aaa", "body"=>"aa"}, "id"=>"13"}
  [1m[36mIdea Load (0.3ms)[0m  [1m[34mSELECT  "ideas".* FROM "ideas" WHERE "ideas"."id" = ? LIMIT ?[0m  [["id", 13], ["LIMIT", 1]]
  [1m[35m (0.1ms)[0m  [1m[36mbegin transaction[0m
  [1m[35mSQL (0.3ms)[0m  [1m[33mUPDATE "ideas" SET "body" = ?, "updated_at" = ? WHERE "ideas"."id" = ?[0m  [["body", "aa"], ["updated_at", "2018-01-30 08:47:38.261953"], ["id", 13]]
  [1m[35m (0.9ms)[0m  [1m[36mcommit transaction[0m
Completed 200 OK in 6ms (Views: 0.4ms | ActiveRecord: 1.6ms)


Started DELETE "/api/v1/ideas/9" for ::1 at 2018-01-30 17:47:40 +0900
Processing by Api::V1::IdeasController#destroy as HTML
  Parameters: {"id"=>"9"}
  [1m[36mIdea Load (0.2ms)[0m  [1m[34mSELECT  "ideas".* FROM "ideas" WHERE "ideas"."id" = ? LIMIT ?[0m  [["id", 9], ["LIMIT", 1]]
  [1m[35m (0.0ms)[0m  [1m[36mbegin transaction[0m
  [1m[35mSQL (0.3ms)[0m  [1m[31mDELETE FROM "ideas" WHERE "ideas"."id" = ?[0m  [["id", 9]]
  [1m[35m (2.7ms)[0m  [1m[36mcommit transaction[0m
Completed 204 No Content in 5ms (ActiveRecord: 3.2ms)


Started PUT "/api/v1/ideas/4" for ::1 at 2018-01-30 17:47:44 +0900
Processing by Api::V1::IdeasController#update as HTML
  Parameters: {"idea"=>{"title"=>"Card game design", "body"=>"Like Uno but involves drinking"}, "id"=>"4"}
  [1m[36mIdea Load (0.2ms)[0m  [1m[34mSELECT  "ideas".* FROM "ideas" WHERE "ideas"."id" = ? LIMIT ?[0m  [["id", 4], ["LIMIT", 1]]
  [1m[35m (0.1ms)[0m  [1m[36mbegin transaction[0m
  [1m[35m (0.0ms)[0m  [1m[36mcommit transaction[0m
Completed 200 OK in 4ms (Views: 0.3ms | ActiveRecord: 0.3ms)


Started PUT "/api/v1/ideas/4" for ::1 at 2018-01-30 17:47:44 +0900
Processing by Api::V1::IdeasController#update as HTML
  Parameters: {"idea"=>{"title"=>"Card game design", "body"=>"Like Uno but involves drinking"}, "id"=>"4"}
  [1m[36mIdea Load (0.1ms)[0m  [1m[34mSELECT  "ideas".* FROM "ideas" WHERE "ideas"."id" = ? LIMIT ?[0m  [["id", 4], ["LIMIT", 1]]
  [1m[35m (0.1ms)[0m  [1m[36mbegin transaction[0m
  [1m[35m (0.1ms)[0m  [1m[36mcommit transaction[0m
Completed 200 OK in 3ms (Views: 0.5ms | ActiveRecord: 0.3ms)


Started DELETE "/api/v1/ideas/5" for ::1 at 2018-01-30 17:47:45 +0900
Processing by Api::V1::IdeasController#destroy as HTML
  Parameters: {"id"=>"5"}
  [1m[36mIdea Load (0.1ms)[0m  [1m[34mSELECT  "ideas".* FROM "ideas" WHERE "ideas"."id" = ? LIMIT ?[0m  [["id", 5], ["LIMIT", 1]]
  [1m[35m (0.1ms)[0m  [1m[36mbegin transaction[0m
  [1m[35mSQL (0.3ms)[0m  [1m[31mDELETE FROM "ideas" WHERE "ideas"."id" = ?[0m  [["id", 5]]
  [1m[35m (2.8ms)[0m  [1m[36mcommit transaction[0m
Completed 204 No Content in 5ms (ActiveRecord: 3.2ms)


Started DELETE "/api/v1/ideas/6" for ::1 at 2018-01-30 17:47:47 +0900
Processing by Api::V1::IdeasController#destroy as HTML
  Parameters: {"id"=>"6"}
  [1m[36mIdea Load (0.1ms)[0m  [1m[34mSELECT  "ideas".* FROM "ideas" WHERE "ideas"."id" = ? LIMIT ?[0m  [["id", 6], ["LIMIT", 1]]
  [1m[35m (0.0ms)[0m  [1m[36mbegin transaction[0m
  [1m[35mSQL (0.3ms)[0m  [1m[31mDELETE FROM "ideas" WHERE "ideas"."id" = ?[0m  [["id", 6]]
  [1m[35m (0.9ms)[0m  [1m[36mcommit transaction[0m
Completed 204 No Content in 3ms (ActiveRecord: 1.3ms)


Started DELETE "/api/v1/ideas/7" for ::1 at 2018-01-30 17:47:48 +0900
Processing by Api::V1::IdeasController#destroy as HTML
  Parameters: {"id"=>"7"}
  [1m[36mIdea Load (0.1ms)[0m  [1m[34mSELECT  "ideas".* FROM "ideas" WHERE "ideas"."id" = ? LIMIT ?[0m  [["id", 7], ["LIMIT", 1]]
  [1m[35m (0.0ms)[0m  [1m[36mbegin transaction[0m
  [1m[35mSQL (0.3ms)[0m  [1m[31mDELETE FROM "ideas" WHERE "ideas"."id" = ?[0m  [["id", 7]]
  [1m[35m (2.2ms)[0m  [1m[36mcommit transaction[0m
Completed 204 No Content in 4ms (ActiveRecord: 2.6ms)


Started DELETE "/api/v1/ideas/8" for ::1 at 2018-01-30 17:47:49 +0900
Processing by Api::V1::IdeasController#destroy as HTML
  Parameters: {"id"=>"8"}
  [1m[36mIdea Load (0.2ms)[0m  [1m[34mSELECT  "ideas".* FROM "ideas" WHERE "ideas"."id" = ? LIMIT ?[0m  [["id", 8], ["LIMIT", 1]]
  [1m[35m (0.1ms)[0m  [1m[36mbegin transaction[0m
  [1m[35mSQL (0.3ms)[0m  [1m[31mDELETE FROM "ideas" WHERE "ideas"."id" = ?[0m  [["id", 8]]
  [1m[35m (2.4ms)[0m  [1m[36mcommit transaction[0m
Completed 204 No Content in 5ms (ActiveRecord: 2.9ms)


Started PUT "/api/v1/ideas/4" for ::1 at 2018-01-30 17:47:51 +0900
Processing by Api::V1::IdeasController#update as HTML
  Parameters: {"idea"=>{"title"=>"Card game design", "body"=>"Like Uno but invoaalves drinking"}, "id"=>"4"}
  [1m[36mIdea Load (0.2ms)[0m  [1m[34mSELECT  "ideas".* FROM "ideas" WHERE "ideas"."id" = ? LIMIT ?[0m  [["id", 4], ["LIMIT", 1]]
  [1m[35m (0.1ms)[0m  [1m[36mbegin transaction[0m
  [1m[35mSQL (0.4ms)[0m  [1m[33mUPDATE "ideas" SET "body" = ?, "updated_at" = ? WHERE "ideas"."id" = ?[0m  [["body", "Like Uno but invoaalves drinking"], ["updated_at", "2018-01-30 08:47:51.345942"], ["id", 4]]
  [1m[35m (2.0ms)[0m  [1m[36mcommit transaction[0m
Completed 200 OK in 6ms (Views: 0.3ms | ActiveRecord: 2.6ms)


